<?xml version="1.0" encoding="UTF-8"?>
<!-- Generated by org.testng.reporters.JUnitXMLReporter -->
<testsuite hostname="WFMAC22.local" ignored="0" name="Default test" tests="2" failures="0" timestamp="21 Jun 2018 17:19:44 GMT" time="14.878" errors="0">
  <testcase name="verifyRentHeaderTitleTest" time="0.045" classname="com.rightmove.qa.testcases.RentSearchPageTest"/>
  <testcase name="findPropertiesTest" time="6.018" classname="com.rightmove.qa.testcases.RentSearchPageTest"/>
</testsuite> <!-- Default test -->
