<?xml version="1.0" encoding="UTF-8"?>
<!-- Generated by org.testng.reporters.JUnitXMLReporter -->
<testsuite hostname="WFMAC22.local" ignored="1" name="Default test" tests="1" failures="0" timestamp="21 Jun 2018 16:04:04 GMT" time="11.336" errors="0">
  <testcase name="findPropertiesTest" time="6.716" classname="com.rightmove.qa.testcases.BuySearchPageTest"/>
  <testcase name="verifyBuyHeaderTitleTest" time="0.0" classname="com.rightmove.qa.testcases.BuySearchPageTest">
    <ignored/>
  </testcase> <!-- verifyBuyHeaderTitleTest -->
</testsuite> <!-- Default test -->
