<?xml version="1.0" encoding="UTF-8"?>
<!-- Generated by org.testng.reporters.JUnitXMLReporter -->
<testsuite hostname="Olasunkanmis-MacBook-Pro.local" ignored="0" name="Test" tests="3" failures="0" timestamp="20 Jun 2018 23:54:09 GMT" time="19.014" errors="0">
  <testcase name="homePageTitleTest" time="0.024" classname="com.rightmove.qa.testcases.HomePageTest"/>
  <testcase name="verifyBuyHeaderTitleTest" time="0.048" classname="com.rightmove.qa.testcases.BuySearchPageTest"/>
  <testcase name="verifyRentHeaderTitleTest" time="0.041" classname="com.rightmove.qa.testcases.RentSearchPageTest"/>
</testsuite> <!-- Test -->
